<?xml version="1.0" encoding="UTF-8"?>
<testsuite xmlns:xsi="http://www.w3.org/2001/XMLSchema-instance" xsi:noNamespaceSchemaLocation="https://maven.apache.org/surefire/maven-surefire-plugin/xsd/surefire-test-report.xsd" name="com.example.springboot.HelloControllerTest" time="7.501" tests="1" errors="0" skipped="0" failures="1">
  <properties>
[...]
</properties>
  <testcase name="getHello" classname="com.example.springboot.HelloControllerTest" time="0.376">
    <failure message="Status expected:&lt;200&gt; but was:&lt;404&gt;" type="java.lang.AssertionError"><![CDATA[java.lang.AssertionError: Status expected:<200> but was:<404>
	at com.example.springboot.HelloControllerTest.getHello(HelloControllerTest.java:26)
]]></failure>
    <system-out><![CDATA[22:30:23.901 [main] DEBUG org.springframework.test.context.BootstrapUtils - Instantiating CacheAwareContextLoaderDelegate from class [org.springframework.test.context.cache.DefaultCacheAwareContextLoaderDelegate]
22:30:23.916 [main] DEBUG org.springframework.test.context.BootstrapUtils - Instantiating BootstrapContext using constructor [public org.springframework.test.context.support.DefaultBootstrapContext(java.lang.Class,org.springframework.test.context.CacheAwareContextLoaderDelegate)]
22:30:23.967 [main] DEBUG org.springframework.test.context.BootstrapUtils - Instantiating TestContextBootstrapper for test class [com.example.springboot.HelloControllerTest] from class [org.springframework.boot.test.context.SpringBootTestContextBootstrapper]
22:30:23.982 [main] INFO org.springframework.boot.test.context.SpringBootTestContextBootstrapper - Neither @ContextConfiguration nor @ContextHierarchy found for test class [com.example.springboot.HelloControllerTest], using SpringBootContextLoader
22:30:23.986 [main] DEBUG org.springframework.test.context.support.AbstractContextLoader - Did not detect default resource location for test class [com.example.springboot.HelloControllerTest]: class path resource [com/example/springboot/HelloControllerTest-context.xml] does not exist
22:30:23.986 [main] DEBUG org.springframework.test.context.support.AbstractContextLoader - Did not detect default resource location for test class [com.example.springboot.HelloControllerTest]: class path resource [com/example/springboot/HelloControllerTestContext.groovy] does not exist
22:30:23.986 [main] INFO org.springframework.test.context.support.AbstractContextLoader - Could not detect default resource locations for test class [com.example.springboot.HelloControllerTest]: no resource found for suffixes {-context.xml, Context.groovy}.
22:30:23.987 [main] INFO org.springframework.test.context.support.AnnotationConfigContextLoaderUtils - Could not detect default configuration classes for test class [com.example.springboot.HelloControllerTest]: HelloControllerTest does not declare any static, non-private, non-final, nested classes annotated with @Configuration.
22:30:24.039 [main] DEBUG org.springframework.test.context.support.ActiveProfilesUtils - Could not find an 'annotation declaring class' for annotation type [org.springframework.test.context.ActiveProfiles] and class [com.example.springboot.HelloControllerTest]
22:30:24.086 [main] DEBUG org.springframework.context.annotation.ClassPathScanningCandidateComponentProvider - Identified candidate component class: file [/Users/dinetrip/javaapp/gs-spring-boot/complete/target/classes/com/example/springboot/Application.class]
22:30:24.094 [main] INFO org.springframework.boot.test.context.SpringBootTestContextBootstrapper - Found @SpringBootConfiguration com.example.springboot.Application for test class com.example.springboot.HelloControllerTest
22:30:24.166 [main] DEBUG org.springframework.boot.test.context.SpringBootTestContextBootstrapper - @TestExecutionListeners is not present for class [com.example.springboot.HelloControllerTest]: using defaults.
22:30:24.166 [main] INFO org.springframework.boot.test.context.SpringBootTestContextBootstrapper - Loaded default TestExecutionListener class names from location [META-INF/spring.factories]: [org.springframework.boot.test.mock.mockito.MockitoTestExecutionListener, org.springframework.boot.test.mock.mockito.ResetMocksTestExecutionListener, org.springframework.boot.test.autoconfigure.restdocs.RestDocsTestExecutionListener, org.springframework.boot.test.autoconfigure.web.client.MockRestServiceServerResetTestExecutionListener, org.springframework.boot.test.autoconfigure.web.servlet.MockMvcPrintOnlyOnFailureTestExecutionListener, org.springframework.boot.test.autoconfigure.web.servlet.WebDriverTestExecutionListener, org.springframework.boot.test.autoconfigure.webservices.client.MockWebServiceServerTestExecutionListener, org.springframework.test.context.web.ServletTestExecutionListener, org.springframework.test.context.support.DirtiesContextBeforeModesTestExecutionListener, org.springframework.test.context.event.ApplicationEventsTestExecutionListener, org.springframework.test.context.support.DependencyInjectionTestExecutionListener, org.springframework.test.context.support.DirtiesContextTestExecutionListener, org.springframework.test.context.transaction.TransactionalTestExecutionListener, org.springframework.test.context.jdbc.SqlScriptsTestExecutionListener, org.springframework.test.context.event.EventPublishingTestExecutionListener]
22:30:24.176 [main] DEBUG org.springframework.boot.test.context.SpringBootTestContextBootstrapper - Skipping candidate TestExecutionListener [org.springframework.test.context.transaction.TransactionalTestExecutionListener] due to a missing dependency. Specify custom listener classes or make the default listener classes and their required dependencies available. Offending class: [org/springframework/transaction/interceptor/TransactionAttributeSource]
22:30:24.177 [main] DEBUG org.springframework.boot.test.context.SpringBootTestContextBootstrapper - Skipping candidate TestExecutionListener [org.springframework.test.context.jdbc.SqlScriptsTestExecutionListener] due to a missing dependency. Specify custom listener classes or make the default listener classes and their required dependencies available. Offending class: [org/springframework/transaction/interceptor/TransactionAttribute]
22:30:24.177 [main] INFO org.springframework.boot.test.context.SpringBootTestContextBootstrapper - Using TestExecutionListeners: [org.springframework.test.context.web.ServletTestExecutionListener@7c51f34b, org.springframework.test.context.support.DirtiesContextBeforeModesTestExecutionListener@5495333e, org.springframework.test.context.event.ApplicationEventsTestExecutionListener@2a225dd7, org.springframework.boot.test.mock.mockito.MockitoTestExecutionListener@61eaec38, org.springframework.boot.test.autoconfigure.SpringBootDependencyInjectionTestExecutionListener@125290e5, org.springframework.test.context.support.DirtiesContextTestExecutionListener@6fa34d52, org.springframework.test.context.event.EventPublishingTestExecutionListener@57576994, org.springframework.boot.test.mock.mockito.ResetMocksTestExecutionListener@616ac46a, org.springframework.boot.test.autoconfigure.restdocs.RestDocsTestExecutionListener@67b9b51a, org.springframework.boot.test.autoconfigure.web.client.MockRestServiceServerResetTestExecutionListener@1205bd62, org.springframework.boot.test.autoconfigure.web.servlet.MockMvcPrintOnlyOnFailureTestExecutionListener@7ef27d7f, org.springframework.boot.test.autoconfigure.web.servlet.WebDriverTestExecutionListener@490caf5f, org.springframework.boot.test.autoconfigure.webservices.client.MockWebServiceServerTestExecutionListener@6337c201]
22:30:24.180 [main] DEBUG org.springframework.test.context.support.AbstractDirtiesContextTestExecutionListener - Before test class: context [DefaultTestContext@4b7dc788 testClass = HelloControllerTest, testInstance = [null], testMethod = [null], testException = [null], mergedContextConfiguration = [WebMergedContextConfiguration@6304101a testClass = HelloControllerTest, locations = '{}', classes = '{class com.example.springboot.Application}', contextInitializerClasses = '[]', activeProfiles = '{}', propertySourceLocations = '{}', propertySourceProperties = '{org.springframework.boot.test.context.SpringBootTestContextBootstrapper=true}', contextCustomizers = set[[ImportsContextCustomizer@5170bcf4 key = [org.springframework.boot.test.autoconfigure.web.servlet.MockMvcAutoConfiguration, org.springframework.boot.test.autoconfigure.web.servlet.MockMvcWebClientAutoConfiguration, org.springframework.boot.test.autoconfigure.web.servlet.MockMvcWebDriverAutoConfiguration, org.springframework.boot.autoconfigure.security.oauth2.client.servlet.OAuth2ClientAutoConfiguration, org.springframework.boot.autoconfigure.security.oauth2.resource.servlet.OAuth2ResourceServerAutoConfiguration, org.springframework.boot.autoconfigure.security.servlet.SecurityAutoConfiguration, org.springframework.boot.autoconfigure.security.servlet.SecurityFilterAutoConfiguration, org.springframework.boot.autoconfigure.security.servlet.UserDetailsServiceAutoConfiguration, org.springframework.boot.test.autoconfigure.web.servlet.MockMvcSecurityConfiguration]], org.springframework.boot.test.context.filter.ExcludeFilterContextCustomizer@69fb6037, org.springframework.boot.test.json.DuplicateJsonObjectContextCustomizerFactory$DuplicateJsonObjectContextCustomizer@671a5887, org.springframework.boot.test.mock.mockito.MockitoContextCustomizer@0, org.springframework.boot.test.web.client.TestRestTemplateContextCustomizer@152aa092, org.springframework.boot.test.autoconfigure.actuate.metrics.MetricsExportContextCustomizerFactory$DisableMetricExportContextCustomizer@e1de817, org.springframework.boot.test.autoconfigure.properties.PropertyMappingContextCustomizer@4b3fa0b3, org.springframework.boot.test.autoconfigure.web.servlet.WebDriverContextCustomizerFactory$Customizer@140c9f39, org.springframework.boot.test.context.SpringBootTestArgs@1, org.springframework.boot.test.context.SpringBootTestWebEnvironment@2d928643], resourceBasePath = 'src/main/webapp', contextLoader = 'org.springframework.boot.test.context.SpringBootContextLoader', parent = [null]], attributes = map['org.springframework.test.context.web.ServletTestExecutionListener.activateListener' -> true]], class annotated with @DirtiesContext [false] with mode [null].
22:30:24.211 [main] DEBUG org.springframework.test.context.support.TestPropertySourceUtils - Adding inlined properties to environment: {spring.jmx.enabled=false, org.springframework.boot.test.context.SpringBootTestContextBootstrapper=true}

  .   ____          _            __ _ _
 /\\ / ___'_ __ _ _(_)_ __  __ _ \ \ \ \
( ( )\___ | '_ | '_| | '_ \/ _` | \ \ \ \
 \\/  ___)| |_)| | | | | || (_| |  ) ) ) )
  '  |____| .__|_| |_|_| |_\__, | / / / /
 =========|_|==============|___/=/_/_/_/
 :: Spring Boot ::                (v2.5.0)

2021-11-04 22:30:29.437  INFO 2125 --- [           main] c.e.springboot.HelloControllerTest       : Starting HelloControllerTest using Java 17.0.1 on Dineshs-MacBook-Pro.local with PID 2125 (started by dinetrip in /Users/dinetrip/javaapp/gs-spring-boot/complete)
2021-11-04 22:30:29.440  INFO 2125 --- [           main] c.e.springboot.HelloControllerTest       : No active profile set, falling back to default profiles: default
2021-11-04 22:30:30.828  INFO 2125 --- [           main] o.s.b.t.m.w.SpringBootMockServletContext : Initializing Spring TestDispatcherServlet ''
2021-11-04 22:30:30.829  INFO 2125 --- [           main] o.s.t.web.servlet.TestDispatcherServlet  : Initializing Servlet ''
2021-11-04 22:30:30.836  INFO 2125 --- [           main] o.s.b.a.e.web.EndpointLinksResolver      : Exposing 1 endpoint(s) beneath base path '/actuator'
2021-11-04 22:30:30.853  INFO 2125 --- [           main] o.s.t.web.servlet.TestDispatcherServlet  : Completed initialization in 24 ms
2021-11-04 22:30:30.882  INFO 2125 --- [           main] c.e.springboot.HelloControllerTest       : Started HelloControllerTest in 6.665 seconds (JVM running for 7.485)
2021-11-04 22:30:30.924  INFO 2125 --- [           main] o.s.b.a.ApplicationAvailabilityBean      : Application availability state LivenessState changed to CORRECT
Let's inspect the beans provided by Spring Boot:
application
applicationAvailability
applicationTaskExecutor
basicErrorController
beanNameHandlerMapping
beanNameViewResolver
characterEncodingFilter
classLoaderMetrics
commandLineRunner
controllerEndpointDiscoverer
controllerEndpointHandlerMapping
controllerExposeExcludePropertyEndpointFilter
conventionErrorViewResolver
defaultServletHandlerMapping
defaultViewResolver
diskSpaceHealthIndicator
dispatcherServlet
dispatcherServletRegistration
endpointCachingOperationInvokerAdvisor
endpointMediaTypes
endpointOperationParameterMapper
envInfoContributor
error
errorAttributes
errorPageCustomizer
errorPageRegistrarBeanPostProcessor
fileDescriptorMetrics
flashMapManager
forceAutoProxyCreatorToUseClassProxying
formContentFilter
handlerExceptionResolver
handlerFunctionAdapter
healthContributorRegistry
healthEndpoint
healthEndpointGroups
healthEndpointGroupsBeanPostProcessor
healthEndpointWebExtension
healthHttpCodeStatusMapper
healthStatusAggregator
helloController
httpRequestHandlerAdapter
jacksonObjectMapper
jacksonObjectMapperBuilder
jsonComponentModule
jvmGcMetrics
jvmMemoryMetrics
jvmThreadMetrics
lifecycleProcessor
localeCharsetMappingsCustomizer
localeResolver
logbackMetrics
management.endpoint.health-org.springframework.boot.actuate.autoconfigure.health.HealthEndpointProperties
management.endpoints.web-org.springframework.boot.actuate.autoconfigure.endpoint.web.WebEndpointProperties
management.endpoints.web.cors-org.springframework.boot.actuate.autoconfigure.endpoint.web.CorsEndpointProperties
management.health.diskspace-org.springframework.boot.actuate.autoconfigure.system.DiskSpaceHealthIndicatorProperties
management.info-org.springframework.boot.actuate.autoconfigure.info.InfoContributorProperties
management.metrics-org.springframework.boot.actuate.autoconfigure.metrics.MetricsProperties
management.metrics.export.simple-org.springframework.boot.actuate.autoconfigure.metrics.export.simple.SimpleProperties
management.server-org.springframework.boot.actuate.autoconfigure.web.server.ManagementServerProperties
managementServletContext
mappingJackson2HttpMessageConverter
messageConverters
meterRegistryPostProcessor
metricsHttpClientUriTagFilter
metricsHttpServerUriTagFilter
metricsRestTemplateCustomizer
metricsWebMvcConfigurer
micrometerClock
mockMvc
mockMvcBuilder
multipartConfigElement
multipartResolver
mvcContentNegotiationManager
mvcConversionService
mvcHandlerMappingIntrospector
mvcPathMatcher
mvcPatternParser
mvcResourceUrlProvider
mvcUriComponentsContributor
mvcUrlPathHelper
mvcValidator
mvcViewResolver
org.springframework.aop.config.internalAutoProxyCreator
org.springframework.boot.actuate.autoconfigure.availability.AvailabilityHealthContributorAutoConfiguration
org.springframework.boot.actuate.autoconfigure.endpoint.EndpointAutoConfiguration
org.springframework.boot.actuate.autoconfigure.endpoint.web.ServletEndpointManagementContextConfiguration
org.springframework.boot.actuate.autoconfigure.endpoint.web.ServletEndpointManagementContextConfiguration$WebMvcServletEndpointManagementContextConfiguration
org.springframework.boot.actuate.autoconfigure.endpoint.web.WebEndpointAutoConfiguration
org.springframework.boot.actuate.autoconfigure.endpoint.web.WebEndpointAutoConfiguration$WebEndpointServletConfiguration
org.springframework.boot.actuate.autoconfigure.endpoint.web.servlet.WebMvcEndpointManagementContextConfiguration
org.springframework.boot.actuate.autoconfigure.health.HealthContributorAutoConfiguration
org.springframework.boot.actuate.autoconfigure.health.HealthEndpointAutoConfiguration
org.springframework.boot.actuate.autoconfigure.health.HealthEndpointConfiguration
org.springframework.boot.actuate.autoconfigure.health.HealthEndpointWebExtensionConfiguration
org.springframework.boot.actuate.autoconfigure.info.InfoContributorAutoConfiguration
org.springframework.boot.actuate.autoconfigure.metrics.CompositeMeterRegistryAutoConfiguration
org.springframework.boot.actuate.autoconfigure.metrics.JvmMetricsAutoConfiguration
org.springframework.boot.actuate.autoconfigure.metrics.LogbackMetricsAutoConfiguration
org.springframework.boot.actuate.autoconfigure.metrics.MetricsAutoConfiguration
org.springframework.boot.actuate.autoconfigure.metrics.SystemMetricsAutoConfiguration
org.springframework.boot.actuate.autoconfigure.metrics.export.simple.SimpleMetricsExportAutoConfiguration
org.springframework.boot.actuate.autoconfigure.metrics.integration.IntegrationMetricsAutoConfiguration
org.springframework.boot.actuate.autoconfigure.metrics.web.client.HttpClientMetricsAutoConfiguration
org.springframework.boot.actuate.autoconfigure.metrics.web.client.RestTemplateMetricsConfiguration
org.springframework.boot.actuate.autoconfigure.metrics.web.servlet.WebMvcMetricsAutoConfiguration
org.springframework.boot.actuate.autoconfigure.metrics.web.tomcat.TomcatMetricsAutoConfiguration
org.springframework.boot.actuate.autoconfigure.system.DiskSpaceHealthContributorAutoConfiguration
org.springframework.boot.actuate.autoconfigure.web.server.ManagementContextAutoConfiguration
org.springframework.boot.actuate.autoconfigure.web.server.ManagementContextAutoConfiguration$SameManagementContextConfiguration
org.springframework.boot.actuate.autoconfigure.web.server.ManagementContextAutoConfiguration$SameManagementContextConfiguration$EnableSameManagementContextConfiguration
org.springframework.boot.actuate.autoconfigure.web.servlet.ServletManagementContextAutoConfiguration
org.springframework.boot.autoconfigure.AutoConfigurationPackages
org.springframework.boot.autoconfigure.aop.AopAutoConfiguration
org.springframework.boot.autoconfigure.aop.AopAutoConfiguration$ClassProxyingConfiguration
org.springframework.boot.autoconfigure.availability.ApplicationAvailabilityAutoConfiguration
org.springframework.boot.autoconfigure.context.ConfigurationPropertiesAutoConfiguration
org.springframework.boot.autoconfigure.context.LifecycleAutoConfiguration
org.springframework.boot.autoconfigure.context.PropertyPlaceholderAutoConfiguration
org.springframework.boot.autoconfigure.http.HttpMessageConvertersAutoConfiguration
org.springframework.boot.autoconfigure.http.HttpMessageConvertersAutoConfiguration$StringHttpMessageConverterConfiguration
org.springframework.boot.autoconfigure.http.JacksonHttpMessageConvertersConfiguration
org.springframework.boot.autoconfigure.http.JacksonHttpMessageConvertersConfiguration$MappingJackson2HttpMessageConverterConfiguration
org.springframework.boot.autoconfigure.info.ProjectInfoAutoConfiguration
org.springframework.boot.autoconfigure.internalCachingMetadataReaderFactory
org.springframework.boot.autoconfigure.jackson.JacksonAutoConfiguration
org.springframework.boot.autoconfigure.jackson.JacksonAutoConfiguration$Jackson2ObjectMapperBuilderCustomizerConfiguration
org.springframework.boot.autoconfigure.jackson.JacksonAutoConfiguration$JacksonObjectMapperBuilderConfiguration
org.springframework.boot.autoconfigure.jackson.JacksonAutoConfiguration$JacksonObjectMapperConfiguration
org.springframework.boot.autoconfigure.jackson.JacksonAutoConfiguration$ParameterNamesModuleConfiguration
org.springframework.boot.autoconfigure.sql.init.SqlInitializationAutoConfiguration
org.springframework.boot.autoconfigure.task.TaskExecutionAutoConfiguration
org.springframework.boot.autoconfigure.task.TaskSchedulingAutoConfiguration
org.springframework.boot.autoconfigure.web.client.RestTemplateAutoConfiguration
org.springframework.boot.autoconfigure.web.embedded.EmbeddedWebServerFactoryCustomizerAutoConfiguration
org.springframework.boot.autoconfigure.web.embedded.EmbeddedWebServerFactoryCustomizerAutoConfiguration$TomcatWebServerFactoryCustomizerConfiguration
org.springframework.boot.autoconfigure.web.servlet.DispatcherServletAutoConfiguration
org.springframework.boot.autoconfigure.web.servlet.DispatcherServletAutoConfiguration$DispatcherServletConfiguration
org.springframework.boot.autoconfigure.web.servlet.DispatcherServletAutoConfiguration$DispatcherServletRegistrationConfiguration
org.springframework.boot.autoconfigure.web.servlet.HttpEncodingAutoConfiguration
org.springframework.boot.autoconfigure.web.servlet.MultipartAutoConfiguration
org.springframework.boot.autoconfigure.web.servlet.ServletWebServerFactoryAutoConfiguration
org.springframework.boot.autoconfigure.web.servlet.ServletWebServerFactoryConfiguration$EmbeddedTomcat
org.springframework.boot.autoconfigure.web.servlet.WebMvcAutoConfiguration
org.springframework.boot.autoconfigure.web.servlet.WebMvcAutoConfiguration$EnableWebMvcConfiguration
org.springframework.boot.autoconfigure.web.servlet.WebMvcAutoConfiguration$WebMvcAutoConfigurationAdapter
org.springframework.boot.autoconfigure.web.servlet.error.ErrorMvcAutoConfiguration
org.springframework.boot.autoconfigure.web.servlet.error.ErrorMvcAutoConfiguration$DefaultErrorViewResolverConfiguration
org.springframework.boot.autoconfigure.web.servlet.error.ErrorMvcAutoConfiguration$WhitelabelErrorViewConfiguration
org.springframework.boot.autoconfigure.websocket.servlet.WebSocketServletAutoConfiguration
org.springframework.boot.autoconfigure.websocket.servlet.WebSocketServletAutoConfiguration$TomcatWebSocketConfiguration
org.springframework.boot.context.internalConfigurationPropertiesBinder
org.springframework.boot.context.internalConfigurationPropertiesBinderFactory
org.springframework.boot.context.properties.BoundConfigurationProperties
org.springframework.boot.context.properties.ConfigurationPropertiesBindingPostProcessor
org.springframework.boot.context.properties.EnableConfigurationPropertiesRegistrar.methodValidationExcludeFilter
org.springframework.boot.sql.init.dependency.DatabaseInitializationDependencyConfigurer$DependsOnDatabaseInitializationPostProcessor
org.springframework.boot.test.autoconfigure.web.servlet.MockMvcAutoConfiguration
org.springframework.boot.test.context.ImportsContextCustomizer$ImportsCleanupPostProcessor
org.springframework.boot.test.mock.mockito.MockitoPostProcessor
org.springframework.boot.test.mock.mockito.MockitoPostProcessor$SpyPostProcessor
org.springframework.context.annotation.internalAutowiredAnnotationProcessor
org.springframework.context.annotation.internalCommonAnnotationProcessor
org.springframework.context.annotation.internalConfigurationAnnotationProcessor
org.springframework.context.event.internalEventListenerFactory
org.springframework.context.event.internalEventListenerProcessor
parameterNamesModule
pathMappedEndpoints
pingHealthContributor
preserveErrorControllerTargetClassPostProcessor
processorMetrics
propertiesMeterFilter
propertySourcesPlaceholderConfigurer
requestContextFilter
requestMappingHandlerAdapter
requestMappingHandlerMapping
resourceHandlerMapping
restTemplateBuilder
restTemplateBuilderConfigurer
restTemplateExchangeTagsProvider
routerFunctionMapping
scheduledBeanLazyInitializationExcludeFilter
server-org.springframework.boot.autoconfigure.web.ServerProperties
servletEndpointDiscoverer
servletEndpointRegistrar
servletExposeExcludePropertyEndpointFilter
servletWebChildContextFactory
servletWebServerFactoryCustomizer
simpleConfig
simpleControllerHandlerAdapter
simpleMeterRegistry
spring.info-org.springframework.boot.autoconfigure.info.ProjectInfoProperties
spring.jackson-org.springframework.boot.autoconfigure.jackson.JacksonProperties
spring.lifecycle-org.springframework.boot.autoconfigure.context.LifecycleProperties
spring.mvc-org.springframework.boot.autoconfigure.web.servlet.WebMvcProperties
spring.resources-org.springframework.boot.autoconfigure.web.ResourceProperties
spring.servlet.multipart-org.springframework.boot.autoconfigure.web.servlet.MultipartProperties
spring.sql.init-org.springframework.boot.autoconfigure.sql.init.SqlInitializationProperties
spring.task.execution-org.springframework.boot.autoconfigure.task.TaskExecutionProperties
spring.task.scheduling-org.springframework.boot.autoconfigure.task.TaskSchedulingProperties
spring.web-org.springframework.boot.autoconfigure.web.WebProperties
springBootMockMvcBuilderCustomizer
standardJacksonObjectMapperBuilderCustomizer
stringHttpMessageConverter
taskExecutorBuilder
taskSchedulerBuilder
themeResolver
tomcatMetricsBinder
tomcatServletWebServerFactory
tomcatServletWebServerFactoryCustomizer
tomcatWebServerFactoryCustomizer
uptimeMetrics
viewControllerHandlerMapping
viewNameTranslator
viewResolver
webEndpointDiscoverer
webEndpointPathMapper
webEndpointServletHandlerMapping
webExposeExcludePropertyEndpointFilter
webMvcMetricsFilter
webMvcTagsProvider
webServerFactoryCustomizerBeanPostProcessor
websocketServletWebServerCustomizer
welcomePageHandlerMapping
2021-11-04 22:30:30.929  INFO 2125 --- [           main] o.s.b.a.ApplicationAvailabilityBean      : Application availability state ReadinessState changed to ACCEPTING_TRAFFIC

MockHttpServletRequest:
      HTTP Method = GET
      Request URI = /
       Parameters = {}
          Headers = [Accept:"application/json"]
             Body = null
    Session Attrs = {}

Handler:
             Type = org.springframework.web.servlet.resource.ResourceHttpRequestHandler

Async:
    Async started = false
     Async result = null

Resolved Exception:
             Type = null

ModelAndView:
        View name = null
             View = null
            Model = null

FlashMap:
       Attributes = null

MockHttpServletResponse:
           Status = 404
    Error message = null
          Headers = [Vary:"Origin", "Access-Control-Request-Method", "Access-Control-Request-Headers"]
     Content type = null
             Body = 
    Forwarded URL = null
   Redirected URL = null
          Cookies = []
]]></system-out>
  </testcase>
</testsuite>